<?xml version="1.0" encoding="UTF-8"?>
<!-- Generated by org.testng.reporters.JUnitReportReporter -->
<testsuite skipped="0" hostname="abdullahs-MBP.fios-router.home" name="com.Google.Utility" tests="1" failures="0" timestamp="19 Mar 2021 08:13:21 GMT" time="7.865" errors="0">
  <testcase name="Screenshot" time="7.865" classname="com.Google.Utility"/>
</testsuite> <!-- com.Google.Utility -->
