<?xml version="1.0" encoding="UTF-8"?>
<!-- Generated by org.testng.reporters.JUnitReportReporter -->
<testsuite skipped="0" hostname="abdullahs-MBP.fios-router.home" name="com.Google.TestNgBasic" tests="1" failures="0" timestamp="08 Jul 2021 06:52:13 GMT" time="12.359" errors="0">
  <testcase name="CheckAmazonLogoTest" time="12.359" classname="com.Google.TestNgBasic"/>
</testsuite> <!-- com.Google.TestNgBasic -->
