<?xml version="1.0" encoding="UTF-8"?>
<!-- Generated by org.testng.reporters.JUnitReportReporter -->
<testsuite skipped="0" hostname="abdullahs-MBP.fios-router.home" name="com.testrunner.Testrunner" tests="1" failures="0" timestamp="06 Oct 2019 04:54:30 GMT" time="13.401" errors="0">
  <testcase name="feature" time="13.401" classname="com.testrunner.Testrunner"/>
</testsuite> <!-- com.testrunner.Testrunner -->
