<?xml version="1.0" encoding="UTF-8"?>
<!-- Generated by org.testng.reporters.JUnitReportReporter -->
<testsuite skipped="1" hostname="abdullahs-MBP.fios-router.home" name="com.testrunner.TestRunner" tests="1" failures="0" timestamp="06 Aug 2019 00:35:49 GMT" time="0.000" errors="0">
  <testcase name="feature" time="0.000" classname="com.testrunner.TestRunner">
    <skipped/>
  </testcase> <!-- feature -->
</testsuite> <!-- com.testrunner.TestRunner -->
