<?xml version="1.0" encoding="UTF-8"?>
<!-- Generated by org.testng.reporters.JUnitReportReporter -->
<testsuite skipped="1" hostname="abdullahs-MBP.fios-router.home" name="com.testrunner.Testrunner" tests="1" failures="0" timestamp="09 Aug 2019 08:03:54 GMT" time="0.000" errors="0">
  <testcase name="feature" time="0.000" classname="com.testrunner.Testrunner">
    <skipped/>
  </testcase> <!-- feature -->
</testsuite> <!-- com.testrunner.Testrunner -->
