<?xml version="1.0" encoding="UTF-8"?>
<!-- Generated by org.testng.reporters.JUnitReportReporter -->
<testsuite skipped="0" hostname="abdullahs-MacBook-Pro.local" name="com.testrunner.Testrunner" tests="1" failures="0" timestamp="26 Aug 2019 22:56:07 GMT" time="7.241" errors="0">
  <testcase name="feature" time="7.241" classname="com.testrunner.Testrunner"/>
</testsuite> <!-- com.testrunner.Testrunner -->
