<?xml version="1.0" encoding="UTF-8"?>
<!-- Generated by org.testng.reporters.JUnitReportReporter -->
<testsuite skipped="0" hostname="abdullahs-MacBook-Pro.local" name="com.testrunner.Testrunner" tests="1" failures="0" timestamp="20 Aug 2019 19:02:31 GMT" time="4.477" errors="0">
  <testcase name="feature" time="4.477" classname="com.testrunner.Testrunner"/>
</testsuite> <!-- com.testrunner.Testrunner -->
