<?xml version="1.0" encoding="UTF-8"?>
<!-- Generated by org.testng.reporters.JUnitReportReporter -->
<testsuite skipped="0" hostname="abdullahs-MBP.fios-router.home" name="com.testrunner.Testrunner" tests="1" failures="0" timestamp="18 Aug 2019 03:35:47 GMT" time="0.006" errors="0">
  <testcase name="feature" time="0.006" classname="com.testrunner.Testrunner"/>
</testsuite> <!-- com.testrunner.Testrunner -->
