<?xml version="1.0" encoding="UTF-8"?>
<!-- Generated by org.testng.reporters.JUnitReportReporter -->
<testsuite hostname="abdullahs-MacBook-Pro.local" name="com.stepdef.StepDef" tests="2" failures="0" timestamp="12 Oct 2019 20:09:58 GMT" time="5.783" errors="0">
  <testcase name="user_search_from_all" time="0.002" classname="com.stepdef.StepDef"/>
  <testcase name="i_navigate_to_login_page" time="5.781" classname="com.stepdef.StepDef"/>
</testsuite> <!-- com.stepdef.StepDef -->
