<?xml version="1.0" encoding="UTF-8"?>
<!-- Generated by org.testng.reporters.JUnitReportReporter -->
<testsuite skipped="0" hostname="abdullahs-MacBook-Pro.local" name="com.testrunner.TestRunner" tests="1" failures="0" timestamp="24 Aug 2019 17:55:15 GMT" time="13.564" errors="0">
  <testcase name="feature" time="13.564" classname="com.testrunner.TestRunner"/>
</testsuite> <!-- com.testrunner.TestRunner -->
