<?xml version="1.0" encoding="UTF-8"?>
<!-- Generated by org.testng.reporters.JUnitReportReporter -->
<testsuite skipped="0" hostname="abdullahs-MBP.fios-router.home" name="com.steps.SisghningStep" tests="1" failures="0" timestamp="04 Aug 2019 20:54:43 GMT" time="0.007" errors="0">
  <testcase name="feature" time="0.007" classname="com.steps.SisghningStep"/>
</testsuite> <!-- com.steps.SisghningStep -->
